<?xml version="1.0" encoding="UTF-8"?>
<testsuite name="com.easy.ysdk.ExampleUnitTest" tests="1" skipped="0" failures="0" errors="0" timestamp="2017-12-25T03:57:42" hostname="dell-PC" time="0.0">
  <properties/>
  <testcase name="addition_isCorrect" classname="com.easy.ysdk.ExampleUnitTest" time="0.0"/>
  <system-out><![CDATA[]]></system-out>
  <system-err><![CDATA[]]></system-err>
</testsuite>
